<?xml version="1.0" encoding="UTF-8"?>
<!-- Generated by org.testng.reporters.JUnitReportReporter -->
<testsuite hostname="Beast" failures="0" tests="5" name="testcases.RegisterTests" time="11.773" errors="0" timestamp="17 Feb 2025 12:54:12 GMT" skipped="0">
  <testcase classname="testcases.RegisterTests" name="registerWithAlreadyRegisteredEmail" time="1.967"/>
  <testcase classname="testcases.RegisterTests" name="registerWithValidDetails" time="5.680"/>
  <testcase classname="testcases.RegisterTests" name="registerWithInvalidEmailFormat" time="1.416"/>
  <testcase classname="testcases.RegisterTests" name="registerWithTakenUsername" time="1.412"/>
  <testcase classname="testcases.RegisterTests" name="registerWithMissingFields" time="1.298"/>
</testsuite> <!-- testcases.RegisterTests -->
