<?xml version="1.0" encoding="UTF-8"?>
<!-- Generated by org.testng.reporters.JUnitReportReporter -->
<testsuite hostname="Beast" failures="0" tests="6" name="testcases.LoginTests" time="10.097" errors="0" timestamp="17 Feb 2025 10:18:51 GMT" skipped="0">
  <testcase classname="testcases.LoginTests" name="loginWithEmptyFields" time="1.671"/>
  <testcase classname="testcases.LoginTests" name="loginWithValidCredentials" time="2.549"/>
  <testcase classname="testcases.LoginTests" name="loginWithInvalidEmailFormat" time="1.398"/>
  <testcase classname="testcases.LoginTests" name="loginWithOnlyPassword" time="1.335"/>
  <testcase classname="testcases.LoginTests" name="loginWithOnlyEmail" time="1.251"/>
  <testcase classname="testcases.LoginTests" name="loginWithInvalidPassword" time="1.893"/>
</testsuite> <!-- testcases.LoginTests -->
