<?xml version="1.0" encoding="UTF-8"?>
<!-- Generated by org.testng.reporters.JUnitReportReporter -->
<testsuite hostname="Beast" failures="0" tests="2" name="apiTests.LoginApiTests" time="3.420" errors="0" timestamp="17 Feb 2025 10:26:47 GMT" skipped="0">
  <testcase classname="apiTests.LoginApiTests" name="loginWithInvalidPassword" time="2.310"/>
  <testcase classname="apiTests.LoginApiTests" name="loginWithValidCredentials" time="1.110"/>
</testsuite> <!-- apiTests.LoginApiTests -->
