<?xml version="1.0" encoding="UTF-8"?>
<!-- Generated by org.testng.reporters.JUnitReportReporter -->
<testsuite hostname="Beast" failures="0" tests="6" name="apiTests.RegisterApiTests" time="5.242" errors="0" timestamp="17 Feb 2025 12:52:23 GMT" skipped="0">
  <testcase classname="apiTests.RegisterApiTests" name="registerWithExistingEmail" time="0.601"/>
  <testcase classname="apiTests.RegisterApiTests" name="resgisterWithEmptyRequestBody" time="0.521"/>
  <testcase classname="apiTests.RegisterApiTests" name="registerWithExistingUsername" time="0.578"/>
  <testcase classname="apiTests.RegisterApiTests" name="registerWithInvalidEmailFormat" time="0.576"/>
  <testcase classname="apiTests.RegisterApiTests" name="registerWithEmptyFields" time="1.835"/>
  <testcase classname="apiTests.RegisterApiTests" name="registerWithValidDetails" time="1.131"/>
</testsuite> <!-- apiTests.RegisterApiTests -->
