<?xml version="1.0" encoding="UTF-8"?>
<!-- Generated by org.testng.reporters.JUnitReportReporter -->
<testsuite hostname="Beast" failures="0" tests="1" name="testcases.FlowOfShopping" time="19.490" errors="0" timestamp="17 Feb 2025 11:20:46 GMT" skipped="0">
  <testcase classname="testcases.FlowOfShopping" name="loginAndAddToCart" time="19.490"/>
</testsuite> <!-- testcases.FlowOfShopping -->
